2021-05-17T07:23:57.293Z          Link API listening on port 8123!
2021-05-17T07:23:57.317Z          Initiating Flux API services...
2021-05-17T07:24:50.290Z          Link API listening on port 8123!
2021-05-17T07:25:14.564Z          Link API listening on port 8123!
2021-05-17T07:25:32.977Z          Link API listening on port 8123!
2021-05-17T07:26:17.047Z          Link API listening on port 8123!
2021-05-17T07:26:31.942Z          Link API listening on port 8123!
2021-05-17T07:26:55.011Z          Link API listening on port 8123!
2021-05-17T13:58:45.163Z          Link API listening on port 8123!
2021-05-17T13:58:47.174Z          Preparing indexes
2021-05-17T13:58:47.176Z          Creation of collection indexes
2021-05-17T13:58:47.184Z          Collection indexes created.
2021-05-17T13:58:54.332Z          Link API listening on port 8123!
2021-05-17T13:58:56.328Z          Preparing indexes
2021-05-17T13:58:56.329Z          Creation of collection indexes
2021-05-17T13:58:56.337Z          Collection indexes created.
2021-05-17T13:58:58.615Z          Link API listening on port 8123!
2021-05-17T13:59:00.622Z          Preparing indexes
2021-05-17T13:59:00.622Z          Creation of collection indexes
2021-05-17T13:59:00.630Z          Collection indexes created.
2021-05-17T13:59:01.737Z          Link API listening on port 8123!
2021-05-17T13:59:03.734Z          Preparing indexes
2021-05-17T13:59:03.735Z          Creation of collection indexes
2021-05-17T13:59:03.743Z          Collection indexes created.
2021-05-17T13:59:04.963Z          Link API listening on port 8123!
2021-05-17T13:59:06.967Z          Preparing indexes
2021-05-17T13:59:06.968Z          Creation of collection indexes
2021-05-17T13:59:06.976Z          Collection indexes created.
2021-05-17T13:59:08.346Z          Link API listening on port 8123!
2021-05-17T13:59:10.351Z          Preparing indexes
2021-05-17T13:59:10.352Z          Creation of collection indexes
2021-05-17T13:59:10.360Z          Collection indexes created.
2021-05-17T13:59:14.209Z          Link API listening on port 8123!
2021-05-17T13:59:16.221Z          Creation of collection indexes
2021-05-17T13:59:16.219Z          Preparing indexes
2021-05-17T13:59:16.228Z          Collection indexes created.
2021-05-17T13:59:28.464Z          Link API listening on port 8123!
2021-05-17T13:59:30.476Z          Preparing indexes
2021-05-17T13:59:30.478Z          Creation of collection indexes
2021-05-17T13:59:30.486Z          Collection indexes created.
